Sun, 24 Nov 2024 01:08:30 GMT | mongo-database | INFO | general.log | Successfully Connected to MongoDB. ac-oiub7gf-shard-00-00.a2n8mrm.mongodb.net:27017/keble-new
Sun, 24 Nov 2024 21:03:57 GMT | mongo-database | INFO | general.log | Successfully Connected to MongoDB. ac-e8xml9h-shard-00-01.uoc9phj.mongodb.net:27017/web2-new
Tue, 26 Nov 2024 03:40:36 GMT | mongo-database | INFO | general.log | Successfully Connected to MongoDB. ac-e8xml9h-shard-00-02.uoc9phj.mongodb.net:27017/web2-new
Thu, 28 Nov 2024 14:19:50 GMT | mongo-database | INFO | general.log | Successfully Connected to MongoDB. ac-e8xml9h-shard-00-00.uoc9phj.mongodb.net:27017/web2-new
Thu, 28 Nov 2024 14:25:17 GMT | mongo-database | INFO | general.log | Successfully Connected to MongoDB. ac-e8xml9h-shard-00-00.uoc9phj.mongodb.net:27017/web2-new
Fri, 29 Nov 2024 03:48:17 GMT | mongo-database | INFO | general.log | Successfully Connected to MongoDB. ac-e8xml9h-shard-00-01.uoc9phj.mongodb.net:27017/web2-new
Fri, 29 Nov 2024 03:48:26 GMT | mongo-database | INFO | general.log | Successfully Connected to MongoDB. ac-e8xml9h-shard-00-02.uoc9phj.mongodb.net:27017/web2-new
Fri, 29 Nov 2024 03:48:29 GMT | mongo-database | INFO | general.log | Successfully Connected to MongoDB. ac-e8xml9h-shard-00-02.uoc9phj.mongodb.net:27017/web2-new
Fri, 29 Nov 2024 03:48:33 GMT | mongo-database | INFO | general.log | Successfully Connected to MongoDB. ac-e8xml9h-shard-00-02.uoc9phj.mongodb.net:27017/web2-new
Fri, 29 Nov 2024 03:48:36 GMT | mongo-database | INFO | general.log | Successfully Connected to MongoDB. ac-e8xml9h-shard-00-02.uoc9phj.mongodb.net:27017/web2-new
Fri, 29 Nov 2024 03:48:41 GMT | mongo-database | INFO | general.log | Successfully Connected to MongoDB. ac-e8xml9h-shard-00-01.uoc9phj.mongodb.net:27017/web2-new
Fri, 29 Nov 2024 03:48:48 GMT | mongo-database | INFO | general.log | Successfully Connected to MongoDB. ac-e8xml9h-shard-00-01.uoc9phj.mongodb.net:27017/web2-new
Fri, 29 Nov 2024 03:48:51 GMT | mongo-database | INFO | general.log | Successfully Connected to MongoDB. ac-e8xml9h-shard-00-02.uoc9phj.mongodb.net:27017/web2-new
Fri, 29 Nov 2024 03:48:54 GMT | mongo-database | INFO | general.log | Successfully Connected to MongoDB. ac-e8xml9h-shard-00-02.uoc9phj.mongodb.net:27017/web2-new
Fri, 29 Nov 2024 03:49:00 GMT | mongo-database | INFO | general.log | Successfully Connected to MongoDB. ac-e8xml9h-shard-00-01.uoc9phj.mongodb.net:27017/web2-new
Fri, 29 Nov 2024 03:49:18 GMT | mongo-database | INFO | general.log | Successfully Connected to MongoDB. ac-e8xml9h-shard-00-02.uoc9phj.mongodb.net:27017/web2-new
Fri, 29 Nov 2024 03:49:22 GMT | mongo-database | INFO | general.log | Successfully Connected to MongoDB. ac-e8xml9h-shard-00-00.uoc9phj.mongodb.net:27017/web2-new
Fri, 29 Nov 2024 03:49:24 GMT | mongo-database | INFO | general.log | Successfully Connected to MongoDB. ac-e8xml9h-shard-00-01.uoc9phj.mongodb.net:27017/web2-new
Fri, 29 Nov 2024 03:49:29 GMT | mongo-database | INFO | general.log | Successfully Connected to MongoDB. ac-e8xml9h-shard-00-01.uoc9phj.mongodb.net:27017/web2-new
Fri, 29 Nov 2024 03:49:33 GMT | mongo-database | INFO | general.log | Successfully Connected to MongoDB. ac-e8xml9h-shard-00-02.uoc9phj.mongodb.net:27017/web2-new
Fri, 29 Nov 2024 03:49:36 GMT | mongo-database | INFO | general.log | Successfully Connected to MongoDB. ac-e8xml9h-shard-00-00.uoc9phj.mongodb.net:27017/web2-new
Fri, 29 Nov 2024 03:50:17 GMT | mongo-database | INFO | general.log | Successfully Connected to MongoDB. ac-e8xml9h-shard-00-00.uoc9phj.mongodb.net:27017/web2-new
Fri, 29 Nov 2024 03:50:20 GMT | mongo-database | INFO | general.log | Successfully Connected to MongoDB. ac-e8xml9h-shard-00-02.uoc9phj.mongodb.net:27017/web2-new
Fri, 29 Nov 2024 03:50:23 GMT | mongo-database | INFO | general.log | Successfully Connected to MongoDB. ac-e8xml9h-shard-00-00.uoc9phj.mongodb.net:27017/web2-new
Fri, 29 Nov 2024 03:50:27 GMT | mongo-database | INFO | general.log | Successfully Connected to MongoDB. ac-e8xml9h-shard-00-01.uoc9phj.mongodb.net:27017/web2-new
Fri, 29 Nov 2024 03:50:35 GMT | mongo-database | INFO | general.log | Successfully Connected to MongoDB. ac-e8xml9h-shard-00-02.uoc9phj.mongodb.net:27017/web2-new
Fri, 29 Nov 2024 03:51:01 GMT | mongo-database | INFO | general.log | Successfully Connected to MongoDB. ac-e8xml9h-shard-00-02.uoc9phj.mongodb.net:27017/web2-new
Fri, 29 Nov 2024 03:51:14 GMT | mongo-database | INFO | general.log | Successfully Connected to MongoDB. ac-e8xml9h-shard-00-00.uoc9phj.mongodb.net:27017/web2-new
Fri, 29 Nov 2024 03:51:51 GMT | mongo-database | INFO | general.log | Successfully Connected to MongoDB. ac-e8xml9h-shard-00-00.uoc9phj.mongodb.net:27017/web2-new
Fri, 29 Nov 2024 03:51:56 GMT | mongo-database | INFO | general.log | Successfully Connected to MongoDB. ac-e8xml9h-shard-00-00.uoc9phj.mongodb.net:27017/web2-new
Fri, 29 Nov 2024 03:51:59 GMT | mongo-database | INFO | general.log | Successfully Connected to MongoDB. ac-e8xml9h-shard-00-01.uoc9phj.mongodb.net:27017/web2-new
Fri, 29 Nov 2024 03:52:07 GMT | mongo-database | INFO | general.log | Successfully Connected to MongoDB. ac-e8xml9h-shard-00-00.uoc9phj.mongodb.net:27017/web2-new
Fri, 29 Nov 2024 03:52:33 GMT | mongo-database | INFO | general.log | Successfully Connected to MongoDB. ac-e8xml9h-shard-00-01.uoc9phj.mongodb.net:27017/web2-new
Fri, 29 Nov 2024 03:52:46 GMT | mongo-database | INFO | general.log | Successfully Connected to MongoDB. ac-e8xml9h-shard-00-01.uoc9phj.mongodb.net:27017/web2-new
Fri, 29 Nov 2024 03:52:48 GMT | mongo-database | INFO | general.log | Successfully Connected to MongoDB. ac-e8xml9h-shard-00-01.uoc9phj.mongodb.net:27017/web2-new
Fri, 29 Nov 2024 03:52:53 GMT | mongo-database | INFO | general.log | Successfully Connected to MongoDB. ac-e8xml9h-shard-00-02.uoc9phj.mongodb.net:27017/web2-new
Fri, 29 Nov 2024 03:52:56 GMT | mongo-database | INFO | general.log | Successfully Connected to MongoDB. ac-e8xml9h-shard-00-00.uoc9phj.mongodb.net:27017/web2-new
Fri, 29 Nov 2024 03:53:12 GMT | mongo-database | INFO | general.log | Successfully Connected to MongoDB. ac-e8xml9h-shard-00-01.uoc9phj.mongodb.net:27017/web2-new
Fri, 29 Nov 2024 03:53:18 GMT | mongo-database | INFO | general.log | Successfully Connected to MongoDB. ac-e8xml9h-shard-00-02.uoc9phj.mongodb.net:27017/web2-new
Fri, 29 Nov 2024 03:53:23 GMT | mongo-database | INFO | general.log | Successfully Connected to MongoDB. ac-e8xml9h-shard-00-01.uoc9phj.mongodb.net:27017/web2-new
Fri, 29 Nov 2024 03:53:38 GMT | mongo-database | INFO | general.log | Successfully Connected to MongoDB. ac-e8xml9h-shard-00-02.uoc9phj.mongodb.net:27017/web2-new
Fri, 29 Nov 2024 03:53:41 GMT | mongo-database | INFO | general.log | Successfully Connected to MongoDB. ac-e8xml9h-shard-00-02.uoc9phj.mongodb.net:27017/web2-new
Fri, 29 Nov 2024 03:53:48 GMT | mongo-database | INFO | general.log | Successfully Connected to MongoDB. ac-e8xml9h-shard-00-02.uoc9phj.mongodb.net:27017/web2-new
Fri, 29 Nov 2024 03:53:56 GMT | mongo-database | INFO | general.log | Successfully Connected to MongoDB. ac-e8xml9h-shard-00-01.uoc9phj.mongodb.net:27017/web2-new
Fri, 29 Nov 2024 03:54:18 GMT | mongo-database | INFO | general.log | Successfully Connected to MongoDB. ac-e8xml9h-shard-00-02.uoc9phj.mongodb.net:27017/web2-new
Fri, 29 Nov 2024 03:54:35 GMT | mongo-database | INFO | general.log | Successfully Connected to MongoDB. ac-e8xml9h-shard-00-00.uoc9phj.mongodb.net:27017/web2-new
